C51 COMPILER V9.54   ONEWIRE                                                               04/08/2025 20:37:04 PAGE 1   


C51 COMPILER V9.54, COMPILATION OF MODULE ONEWIRE
OBJECT MODULE PLACED IN .\Objects\onewire.obj
COMPILER INVOKED BY: C:\Keil_v5\C51\BIN\C51.EXE onewire.c OPTIMIZE(8,SPEED) BROWSE DEBUG OBJECTEXTEND PRINT(.\Listings\o
                    -newire.lst) TABS(2) OBJECT(.\Objects\onewire.obj)

line level    source

   1          /*  #   å•æ€»çº¿ä»£ç ç‰‡æ®µè¯´æ˜
   2                  1.  æœ¬æ–‡ä»¶å¤¹ä¸­æä¾›çš„é©±åŠ¨ä»£ç ä¾›å‚èµ›é€‰æ‰‹å®Œæˆç¨‹åºè®¾è®¡å‚è€ƒã€‚
   3                  2.
   4             å‚èµ›é€‰æ‰‹å¯ä»¥è‡ªè¡Œç¼–å†™ç›¸å…³ä»£ç æˆ–ä»¥è¯¥ä»£ç ä¸ºåŸºç¡€ï¼Œæ ¹æ®æ‰€é€‰å•ç‰‡æœºç±»å‹ã€è¿è
             -¡Œé€Ÿåº¦å’Œè¯•é¢˜
   5                          ä¸­å¯¹å•ç‰‡æœºæ—¶é’Ÿé¢‘ç‡çš„è¦æ±‚ï¼Œè¿›è¡Œä»£ç è°ƒè¯•å’Œä¿®æ”¹ã€‚
   6          */
   7          #include "onewire.h"
   8          #include "intrins.h"
   9          sbit DQ = P1 ^ 4;
  10          //
  11          
  12          void Delay4us(void) //@12.000MHz
  13          {
  14   1        unsigned char data i;
  15   1      
  16   1        _nop_();
  17   1        _nop_();
  18   1        i = 9;
  19   1        while (--i);
  20   1      }
  21          
  22          
  23          void Delay_OneWire(unsigned int t) {
  24   1        unsigned char i;
  25   1        while (t--) {
  26   2          for (i = 0; i < 12; i++);
  27   2        }
  28   1      }
  29          
  30          //
  31          void Write_DS18B20(unsigned char dat) {
  32   1        unsigned char i;
  33   1        for (i = 0; i < 8; i++) {
  34   2          DQ = 0;
  35   2          DQ = dat & 0x01;
  36   2          Delay_OneWire(5);
  37   2          DQ = 1;
  38   2          dat >>= 1;
  39   2        }
  40   1        Delay_OneWire(5);
  41   1      }
  42          
  43          //
  44          unsigned char Read_DS18B20(void) {
  45   1        unsigned char i;
  46   1        unsigned char dat;
  47   1      
  48   1        for (i = 0; i < 8; i++) {
  49   2          DQ = 0;
  50   2          dat >>= 1;
  51   2          DQ = 1;
  52   2          Delay4us();
  53   2          if (DQ) {
C51 COMPILER V9.54   ONEWIRE                                                               04/08/2025 20:37:04 PAGE 2   

  54   3            dat |= 0x80;
  55   3          }
  56   2          Delay_OneWire(5);
  57   2        }
  58   1        return dat;
  59   1      }
  60          
  61          //
  62          bit init_ds18b20(void) {
  63   1        bit initflag = 0;
  64   1      
  65   1        DQ = 1;
  66   1        Delay_OneWire(12);
  67   1        DQ = 0;
  68   1        Delay_OneWire(80);
  69   1        DQ = 1;
  70   1        Delay_OneWire(10);
  71   1        initflag = DQ;
  72   1        Delay_OneWire(5);
  73   1      
  74   1        return initflag;
  75   1      }
  76          
  77          float rd_temperature() 
  78          {
  79   1        unsigned char low, high;
  80   1        init_ds18b20();
  81   1        Write_DS18B20(0xcc);
  82   1        Write_DS18B20(0x44);
  83   1        Delay_OneWire(200);
  84   1        init_ds18b20();
  85   1        Write_DS18B20(0xcc);
  86   1        Write_DS18B20(0xbe);  
  87   1        low = Read_DS18B20();
  88   1        high = Read_DS18B20();
  89   1        return (float)(high << 8 | low) * 0.0625;
  90   1      }


MODULE INFORMATION:   STATIC OVERLAYABLE
   CODE SIZE        =    191    ----
   CONSTANT SIZE    =   ----    ----
   XDATA SIZE       =   ----    ----
   PDATA SIZE       =   ----    ----
   DATA SIZE        =   ----    ----
   IDATA SIZE       =   ----    ----
   BIT SIZE         =   ----       1
END OF MODULE INFORMATION.


C51 COMPILATION COMPLETE.  0 WARNING(S),  0 ERROR(S)
