C51 COMPILER V9.54   ONEWIRE                                                               04/12/2025 00:29:01 PAGE 1   


C51 COMPILER V9.54, COMPILATION OF MODULE ONEWIRE
OBJECT MODULE PLACED IN .\Objects\onewire.obj
COMPILER INVOKED BY: C:\Keil_v5\C51\BIN\C51.EXE onewire.c OPTIMIZE(8,SPEED) BROWSE DEBUG OBJECTEXTEND PRINT(.\Listings\o
                    -newire.lst) TABS(2) OBJECT(.\Objects\onewire.obj)

line level    source

   1          // /* #   å•æ€»çº¿ä»£ç ç‰‡æ®µè¯´æ˜
   2          //         1.   æœ¬æ–‡ä»¶å¤¹ä¸­æä¾›çš„é©±åŠ¨ä»£ç ä¾›å‚èµ›é€‰æ‰‹å®Œæˆç¨‹åºè®¾è®¡å‚è€ƒã€‚
   3          //         2.
   4          //    å‚èµ›é€‰æ‰‹å¯ä»¥è‡ªè¡Œç¼–å†™ç›¸å…³ä»£ç æˆ–ä»¥è¯¥ä»£ç ä¸ºåŸºç¡€ï¼Œæ ¹æ®æ‰€é€‰å•ç‰‡æœºç±»å‹ã€è
             -¿è¡Œé€Ÿåº¦å’Œè¯•é¢˜
   5          //                 ä¸­å¯¹å•ç‰‡æœºæ—¶é’Ÿé¢‘ç‡çš„è¦æ±‚ï¼Œè¿›è¡Œä»£ç è°ƒè¯•å’Œä¿®æ”¹ã€‚
   6          // */
   7          // #include "onewire.h"
   8          // #include "intrins.h"
   9          // sbit DQ = P1 ^ 4;
  10          // //
  11          
  12          // void Delay4us(void)  //@12.000MHz
  13          // {
  14          //  unsigned char data i;
  15          
  16          //  _nop_();
  17          //  _nop_();
  18          //  i = 9;
  19          //  while (--i);
  20          // }
  21          
  22          
  23          // void Delay_OneWire(unsigned int t) {
  24          //   unsigned char i;
  25          //   while (t--) {
  26          //     for (i = 0; i < 12; i++);
  27          //   }
  28          // }
  29          
  30          // //
  31          // void Write_DS18B20(unsigned char dat) {
  32          //   unsigned char i;
  33          //   for (i = 0; i < 8; i++) {
  34          //     DQ = 0;
  35          //     DQ = dat & 0x01;
  36          //     Delay_OneWire(5);
  37          //     DQ = 1;
  38          //     dat >>= 1;
  39          //   }
  40          //   Delay_OneWire(5);
  41          // }
  42          
  43          // //
  44          // unsigned char Read_DS18B20(void) {
  45          //   unsigned char i;
  46          //   unsigned char dat;
  47          
  48          //   for (i = 0; i < 8; i++) {
  49          //     DQ = 0;
  50          //     dat >>= 1;
  51          //     DQ = 1;
  52          //    Delay4us();
  53          //     if (DQ) {
C51 COMPILER V9.54   ONEWIRE                                                               04/12/2025 00:29:01 PAGE 2   

  54          //       dat |= 0x80;
  55          //     }
  56          //     Delay_OneWire(5);
  57          //   }
  58          //   return dat;
  59          // }
  60          
  61          // //
  62          // bit init_ds18b20(void) {
  63          //   bit initflag = 0;
  64          
  65          //   DQ = 1;
  66          //   Delay_OneWire(12);
  67          //   DQ = 0;
  68          //   Delay_OneWire(80);
  69          //   DQ = 1;
  70          //   Delay_OneWire(10);
  71          //   initflag = DQ;
  72          //   Delay_OneWire(5);
  73          
  74          //   return initflag;
  75          // }
  76          
  77          // float rd_temperature() 
  78          // {
  79          //   unsigned char low, high;
  80          //   init_ds18b20();
  81          //   Write_DS18B20(0xcc);
  82          //   Write_DS18B20(0x44);
  83          //   Delay_OneWire(200);
  84          //   init_ds18b20();
  85          //   Write_DS18B20(0xcc);
  86          //   Write_DS18B20(0xbe);  
  87          //   low = Read_DS18B20();
  88          //   high = Read_DS18B20();
  89          //  return (float)(high << 8 | low) * 0.0625;
  90          // }
  91          
  92          /*  #   å•æ€»çº¿ä»£ç ç‰‡æ®µè¯´æ˜
  93            1.  æœ¬æ–‡ä»¶å¤¹ä¸­æä¾›çš„é©±åŠ¨ä»£ç ä¾›å‚èµ›é€‰æ‰‹å®Œæˆç¨‹åºè®¾è®¡å‚è€ƒã€‚
  94            2.  å‚èµ›é€‰æ‰‹å¯ä»¥è‡ªè¡Œç¼–å†™ç›¸å…³ä»£ç æˆ–ä»¥è¯¥ä»£ç ä¸ºåŸºç¡€ï¼Œæ ¹æ®æ‰€é€‰å•ç‰‡æœºç±»å‹ã€è¿
             -è¡Œé€Ÿåº¦å’Œè¯•é¢˜
  95              ä¸­å¯¹å•ç‰‡æœºæ—¶é’Ÿé¢‘ç‡çš„è¦æ±‚ï¼Œè¿›è¡Œä»£ç è°ƒè¯•å’Œä¿®æ”¹ã€‚
  96          */
  97          #include "onewire.h"
  98          sbit DQ = P1^4;
  99          //
 100          void Delay_OneWire(unsigned int t)  
 101          {
 102   1        unsigned char i;
 103   1        while(t--){
 104   2          for(i=0;i<12;i++);
 105   2        }
 106   1      }
 107          
 108          //
 109          void Write_DS18B20(unsigned char dat)
 110          {
 111   1        unsigned char i;
 112   1        for(i=0;i<8;i++)
 113   1        {
 114   2          DQ = 0;
C51 COMPILER V9.54   ONEWIRE                                                               04/12/2025 00:29:01 PAGE 3   

 115   2          DQ = dat&0x01;
 116   2          Delay_OneWire(5);
 117   2          DQ = 1;
 118   2          dat >>= 1;
 119   2        }
 120   1        Delay_OneWire(5);
 121   1      }
 122          
 123          //
 124          unsigned char Read_DS18B20(void)
 125          {
 126   1        unsigned char i;
 127   1        unsigned char dat;
 128   1        
 129   1        for(i=0;i<8;i++)
 130   1        {
 131   2          DQ = 0;
 132   2          dat >>= 1;
 133   2          DQ = 1;
 134   2          if(DQ)
 135   2          {
 136   3            dat |= 0x80;
 137   3          }     
 138   2          Delay_OneWire(5);
 139   2        }
 140   1        return dat;
 141   1      }
 142          
 143          //
 144          bit init_ds18b20(void)
 145          {
 146   1          bit initflag = 0;
 147   1          
 148   1          DQ = 1;
 149   1          Delay_OneWire(12);
 150   1          DQ = 0;
 151   1          Delay_OneWire(80);
 152   1          DQ = 1;
 153   1          Delay_OneWire(10); 
 154   1          initflag = DQ;     
 155   1          Delay_OneWire(5);
 156   1        
 157   1          return initflag;
 158   1      }
 159          void Init_18B20(){
 160   1        char i;
 161   1        init_ds18b20();
 162   1        Write_DS18B20(0xcc);
 163   1        Write_DS18B20(0x44);
 164   1        for(i=0;i<8;i++){
 165   2          Delay_OneWire(10000);
 166   2        }
 167   1      }
 168          
 169          float rd_temperature()
 170          {
 171   1        unsigned char low,high;
 172   1        init_ds18b20();
 173   1        Write_DS18B20(0xcc);
 174   1        Write_DS18B20(0x44);
 175   1        init_ds18b20();
 176   1        Write_DS18B20(0xcc);
C51 COMPILER V9.54   ONEWIRE                                                               04/12/2025 00:29:01 PAGE 4   

 177   1        Write_DS18B20(0xbe);
 178   1        low = Read_DS18B20();
 179   1        high = Read_DS18B20();
 180   1        return ((high << 8) | low) / 16.0;
 181   1      }


MODULE INFORMATION:   STATIC OVERLAYABLE
   CODE SIZE        =    194    ----
   CONSTANT SIZE    =   ----    ----
   XDATA SIZE       =   ----    ----
   PDATA SIZE       =   ----    ----
   DATA SIZE        =   ----    ----
   IDATA SIZE       =   ----    ----
   BIT SIZE         =   ----       1
END OF MODULE INFORMATION.


C51 COMPILATION COMPLETE.  0 WARNING(S),  0 ERROR(S)
