C51 COMPILER V9.54   DS1302                                                                04/12/2025 20:57:04 PAGE 1   


C51 COMPILER V9.54, COMPILATION OF MODULE DS1302
OBJECT MODULE PLACED IN .\Objects\ds1302.obj
COMPILER INVOKED BY: C:\Keil_v5\C51\BIN\C51.EXE ds1302.c OPTIMIZE(8,SPEED) BROWSE DEBUG OBJECTEXTEND PRINT(.\Listings\ds
                    -1302.lst) TABS(2) OBJECT(.\Objects\ds1302.obj)

line level    source

   1          /*  #   DS1302ä»£ç ç‰‡æ®µè¯´æ˜
   2            1.  æœ¬æ–‡ä»¶å¤¹ä¸­æä¾›çš„é©±åŠ¨ä»£ç ä¾›å‚èµ›é€‰æ‰‹å®Œæˆç¨‹åºè®¾è®¡å‚è€ƒã€‚
   3            2.  å‚èµ›é€‰æ‰‹å¯ä»¥è‡ªè¡Œç¼–å†™ç›¸å…³ä»£ç æˆ–ä»¥è¯¥ä»£ç ä¸ºåŸºç¡€ï¼Œæ ¹æ®æ‰€é€‰å•ç‰‡æœºç±»å‹ã€è¿
             -è¡Œé€Ÿåº¦å’Œè¯•é¢˜
   4              ä¸­å¯¹å•ç‰‡æœºæ—¶é’Ÿé¢‘ç‡çš„è¦æ±‚ï¼Œè¿›è¡Œä»£ç è°ƒè¯•å’Œä¿®æ”¹ã€‚
   5          */                
   6          #include "ds1302.h"
   7          #include "intrins.h"
   8          sbit RST = P1^3;
   9          sbit SDA = P2^3;
  10          sbit SCK = P1^7;
  11          //
  12          
  13          // void Delay4us()    //@12.000MHz
  14          // {
  15          //  unsigned char i;
  16          
  17          //  _nop_();
  18          //  _nop_();
  19          //  i = 9;
  20          //  while (--i);
  21          // }
  22          
  23          
  24          void Write_Ds1302(unsigned  char temp) 
  25          {
  26   1        unsigned char i;
  27   1        for (i=0;i<8;i++)       
  28   1        { 
  29   2          SCK = 0;
  30   2          SDA = temp&0x01;
  31   2          temp>>=1; 
  32   2          SCK=1;
  33   2        }
  34   1      }   
  35          
  36          //
  37          void Write_Ds1302_Byte( unsigned char address,unsigned char dat )     
  38          {
  39   1        RST=0;  _nop_();
  40   1        SCK=0;  _nop_();
  41   1        RST=1;  _nop_();  
  42   1        Write_Ds1302(address);  
  43   1        Write_Ds1302(dat);    
  44   1        RST=0; 
  45   1      }
  46          
  47          //
  48          unsigned char Read_Ds1302_Byte ( unsigned char address )
  49          {
  50   1        unsigned char i,temp=0x00;
  51   1        RST=0;  _nop_();
  52   1        SCK=0;  _nop_();
  53   1        RST=1;  _nop_();
C51 COMPILER V9.54   DS1302                                                                04/12/2025 20:57:04 PAGE 2   

  54   1        Write_Ds1302(address);
  55   1        for (i=0;i<8;i++)   
  56   1        {   
  57   2          SCK=0;
  58   2          temp>>=1; 
  59   2          if(SDA)
  60   2          temp|=0x80; 
  61   2          SCK=1;
  62   2        } 
  63   1        RST=0;  _nop_();
  64   1        SCK=0;  _nop_();
  65   1        SCK=1;  _nop_();
  66   1        SDA=0;  _nop_();
  67   1        SDA=1;  _nop_();
  68   1        return (temp);      
  69   1      }
  70          
  71          void Set_Rtc(unsigned char *ucRtc){
  72   1        unsigned char i;
  73   1        Write_Ds1302_Byte(0x8e,0x00);
  74   1        Write_Ds1302_Byte(0x80,0x80);
  75   1        for(i=0;i<3;i++){
  76   2          Write_Ds1302_Byte(0x84-2*i,ucRtc[i]/10%10<<4|ucRtc[i]%10);
  77   2        }
  78   1        Write_Ds1302_Byte(0x8e,0x80);
  79   1      }
  80          
  81          void Read_Rtc(unsigned char *ucRtc){
  82   1        unsigned char i;
  83   1        unsigned char temp;
  84   1        EA=0;
  85   1        for(i=0;i<3;i++){
  86   2          temp=Read_Ds1302_Byte(0x85-2*i);
  87   2          ucRtc[i]=temp/16*10+temp%16;
  88   2        }
  89   1        EA=1;
  90   1      }


MODULE INFORMATION:   STATIC OVERLAYABLE
   CODE SIZE        =    231    ----
   CONSTANT SIZE    =   ----    ----
   XDATA SIZE       =   ----    ----
   PDATA SIZE       =   ----    ----
   DATA SIZE        =   ----       6
   IDATA SIZE       =   ----    ----
   BIT SIZE         =   ----    ----
END OF MODULE INFORMATION.


C51 COMPILATION COMPLETE.  0 WARNING(S),  0 ERROR(S)
