C51 COMPILER V9.54   LED                                                                   03/21/2025 21:35:01 PAGE 1   


C51 COMPILER V9.54, COMPILATION OF MODULE LED
OBJECT MODULE PLACED IN .\Objects\led.obj
COMPILER INVOKED BY: C:\Keil_v5\C51\BIN\C51.EXE led.c OPTIMIZE(8,SPEED) BROWSE DEBUG OBJECTEXTEND PRINT(.\Listings\led.l
                    -st) TABS(2) OBJECT(.\Objects\led.obj)

line level    source

   1          #include "led.h"
   2          
   3          void Led_Disp(unsigned char addr,enable){
   4   1        static unsigned char temp;
   5   1        static unsigned char temp_old;
   6   1        if(enable){
   7   2          temp |= 0x01 << addr; 
   8   2        }
   9   1        else{
  10   2          temp &= ~(0x01 << addr);
  11   2        }
  12   1        if(temp != temp_old){
  13   2          P0 = ~temp;
  14   2          P2 = P2 & 0x1f | 0x80;
  15   2          P2 &= 0x1f;
  16   2          temp_old = temp;
  17   2        }
  18   1      }
  19          
  20          void Relay(unsigned char flag){
  21   1        static unsigned char temp;
  22   1        static unsigned char temp_old;
  23   1        if(flag){
  24   2          temp |= 0x10;
  25   2        }
  26   1        else{
  27   2          temp &= ~0x10;
  28   2        }
  29   1        if(temp != temp_old){
  30   2          P0 = temp;
  31   2          P2 = P2 & 0x1f | 0xa0;
  32   2          P2 &= 0x1f;
  33   2          temp_old = temp;
  34   2        }
  35   1      }
  36          
  37          void Beep(unsigned char flag){
  38   1        static unsigned char temp;
  39   1        static unsigned char temp_old;
  40   1        if(flag){
  41   2          temp |= 0x40;
  42   2        }
  43   1        else{
  44   2          temp &= ~0x40;
  45   2        }
  46   1        if(temp != temp_old){
  47   2          P0 = temp;
  48   2          P2 = P2 & 0x1f | 0xa0;
  49   2          P2 &= 0x1f;
  50   2          temp_old = temp;
  51   2        }
  52   1      }


C51 COMPILER V9.54   LED                                                                   03/21/2025 21:35:01 PAGE 2   

MODULE INFORMATION:   STATIC OVERLAYABLE
   CODE SIZE        =    129    ----
   CONSTANT SIZE    =   ----    ----
   XDATA SIZE       =   ----    ----
   PDATA SIZE       =   ----    ----
   DATA SIZE        =      6    ----
   IDATA SIZE       =   ----    ----
   BIT SIZE         =   ----    ----
END OF MODULE INFORMATION.


C51 COMPILATION COMPLETE.  0 WARNING(S),  0 ERROR(S)
