C51 COMPILER V9.54   ULTRAWAVE                                                             03/21/2025 21:35:02 PAGE 1   


C51 COMPILER V9.54, COMPILATION OF MODULE ULTRAWAVE
OBJECT MODULE PLACED IN .\Objects\ultrawave.obj
COMPILER INVOKED BY: C:\Keil_v5\C51\BIN\C51.EXE ultrawave.c OPTIMIZE(8,SPEED) BROWSE DEBUG OBJECTEXTEND PRINT(.\Listings
                    -\ultrawave.lst) TABS(2) OBJECT(.\Objects\ultrawave.obj)

line level    source

   1          #include "ultrawave.h"
   2          #include <intrins.h>  //延时函数nop需要
   3          
   4          sbit Tx = P1^0;   //超声波发射
   5          sbit Rx = P1^1;   //超声波接收
   6          
   7          //超声波专用12us函数(40khz)
   8          void Delay12us()    //@12.000MHz
   9          {
  10   1        unsigned char i;
  11   1      
  12   1        _nop_();
  13   1        _nop_();
  14   1        i = 33;
  15   1        while (--i);
  16   1      }
  17          
  18          void Ut_Wave_Init(){
  19   1        unsigned char i;
  20   1        for(i=0;i<8;i++){
  21   2          Tx = 1;
  22   2          Delay12us();
  23   2          Tx = 0;
  24   2          Delay12us();
  25   2        }
  26   1      }
  27          
  28          unsigned char Ut_Wave_Date(){
  29   1        unsigned int time;
  30   1        CMOD = 0x00;
  31   1        CH = CL = 0;
  32   1        Ut_Wave_Init();
  33   1        CR = 1;
  34   1        while((Rx == 1) && (CF == 0));
  35   1        CR = 0;
  36   1        if(CF == 0){
  37   2          time = CH << 8 | CL;
  38   2          return (time * 0.017);
  39   2        }
  40   1        else{
  41   2          CF = 0;
  42   2          return 0;
  43   2        }
  44   1      }


MODULE INFORMATION:   STATIC OVERLAYABLE
   CODE SIZE        =     80    ----
   CONSTANT SIZE    =   ----    ----
   XDATA SIZE       =   ----    ----
   PDATA SIZE       =   ----    ----
   DATA SIZE        =   ----    ----
   IDATA SIZE       =   ----    ----
   BIT SIZE         =   ----    ----
C51 COMPILER V9.54   ULTRAWAVE                                                             03/21/2025 21:35:02 PAGE 2   

END OF MODULE INFORMATION.


C51 COMPILATION COMPLETE.  0 WARNING(S),  0 ERROR(S)
