C51 COMPILER V9.54   IIC                                                                   03/19/2025 20:52:48 PAGE 1   


C51 COMPILER V9.54, COMPILATION OF MODULE IIC
OBJECT MODULE PLACED IN .\Objects\iic.obj
COMPILER INVOKED BY: C:\Keil_v5\C51\BIN\C51.EXE iic.c OPTIMIZE(8,SPEED) BROWSE DEBUG OBJECTEXTEND PRINT(.\Listings\iic.l
                    -st) TABS(2) OBJECT(.\Objects\iic.obj)

line level    source

   1          /*  #   I2C代码片段说明
   2            1.  本文件夹中提供的驱动代码供参赛选手完成程序设计参考。
   3            2.  参赛选手可以自行编写相关代码或以该代码为基础，根据所选单片机类型、
             -行速度和试题
   4              中对单片机时钟频率的要求，进行代码调试和修改。
   5          */
   6          #include "iic.h"
   7          #include <intrins.h>
   8          #define DELAY_TIME  10
   9          sbit sda = P2^1;
  10          sbit scl = P2^0;
  11          
  12          //
  13          static void I2C_Delay(unsigned char n)
  14          {
  15   1          do
  16   1          {
  17   2              _nop_();_nop_();_nop_();_nop_();_nop_();
  18   2              _nop_();_nop_();_nop_();_nop_();_nop_();
  19   2              _nop_();_nop_();_nop_();_nop_();_nop_();    
  20   2          }
  21   1          while(n--);       
  22   1      }
  23          
  24          //
  25          void I2CStart(void)
  26          {
  27   1          sda = 1;
  28   1          scl = 1;
  29   1        I2C_Delay(DELAY_TIME);
  30   1          sda = 0;
  31   1        I2C_Delay(DELAY_TIME);
  32   1          scl = 0;    
  33   1      }
  34          
  35          //
  36          void I2CStop(void)
  37          {
  38   1          sda = 0;
  39   1          scl = 1;
  40   1        I2C_Delay(DELAY_TIME);
  41   1          sda = 1;
  42   1        I2C_Delay(DELAY_TIME);
  43   1      }
  44          
  45          //
  46          void I2CSendByte(unsigned char byt)
  47          {
  48   1          unsigned char i;
  49   1        
  50   1          for(i=0; i<8; i++){
  51   2              scl = 0;
  52   2          I2C_Delay(DELAY_TIME);
  53   2              if(byt & 0x80){
C51 COMPILER V9.54   IIC                                                                   03/19/2025 20:52:48 PAGE 2   

  54   3                  sda = 1;
  55   3              }
  56   2              else{
  57   3                  sda = 0;
  58   3              }
  59   2          I2C_Delay(DELAY_TIME);
  60   2              scl = 1;
  61   2              byt <<= 1;
  62   2          I2C_Delay(DELAY_TIME);
  63   2          }
  64   1        
  65   1          scl = 0;  
  66   1      }
  67          
  68          //
  69          unsigned char I2CReceiveByte(void)
  70          {
  71   1        unsigned char da;
  72   1        unsigned char i;
  73   1        for(i=0;i<8;i++){   
  74   2          scl = 1;
  75   2          I2C_Delay(DELAY_TIME);
  76   2          da <<= 1;
  77   2          if(sda) 
  78   2            da |= 0x01;
  79   2          scl = 0;
  80   2          I2C_Delay(DELAY_TIME);
  81   2        }
  82   1        return da;    
  83   1      }
  84          
  85          //
  86          unsigned char I2CWaitAck(void)
  87          {
  88   1        unsigned char ackbit;
  89   1        
  90   1          scl = 1;
  91   1        I2C_Delay(DELAY_TIME);
  92   1          ackbit = sda; 
  93   1          scl = 0;
  94   1        I2C_Delay(DELAY_TIME);
  95   1        
  96   1        return ackbit;
  97   1      }
  98          
  99          //
 100          void I2CSendAck(unsigned char ackbit)
 101          {
 102   1          scl = 0;
 103   1          sda = ackbit; 
 104   1        I2C_Delay(DELAY_TIME);
 105   1          scl = 1;
 106   1        I2C_Delay(DELAY_TIME);
 107   1          scl = 0; 
 108   1        sda = 1;
 109   1        I2C_Delay(DELAY_TIME);
 110   1      }
 111          
 112          //AD&DA
 113          unsigned char Ad_Read(unsigned char addr)
 114          {
 115   1          unsigned char temp;
C51 COMPILER V9.54   IIC                                                                   03/19/2025 20:52:48 PAGE 3   

 116   1          I2CStart();
 117   1          I2CSendByte(0X90);
 118   1          I2CWaitAck();
 119   1          I2CSendByte(addr);
 120   1          I2CWaitAck();
 121   1          I2CStart();
 122   1          I2CSendByte(0x91);
 123   1          I2CWaitAck();
 124   1          temp = I2CReceiveByte();
 125   1          I2CSendAck(1);
 126   1          I2CStop();
 127   1          return temp;
 128   1      }
 129          
 130          void Da_Write(unsigned char dat)
 131          {
 132   1          I2CStart();
 133   1          I2CSendByte(0x90);
 134   1          I2CWaitAck();
 135   1          I2CSendByte(0x41);
 136   1          I2CWaitAck();
 137   1          I2CSendByte(dat);
 138   1          I2CWaitAck();
 139   1          I2CStop();
 140   1      }
 141          
 142          //EEPROM
 143          void EEPROM_Write(unsigned char *EEPROM_String, unsigned char addr, unsigned char num)
 144          {
 145   1          I2CStart();
 146   1          I2CSendByte(0xa0);
 147   1          I2CWaitAck();
 148   1          I2CSendByte(addr);
 149   1          I2CWaitAck();
 150   1      
 151   1          while(num--){
 152   2              I2CSendByte(*EEPROM_String++);
 153   2              I2CWaitAck();
 154   2              I2C_Delay(200);
 155   2          }
 156   1          I2CStop();
 157   1      }
 158          void EEPROM_Read(unsigned char *EEPROM_String, unsigned char addr, unsigned char num)
 159          {
 160   1          I2CStart();
 161   1          I2CSendByte(0xa0);
 162   1          I2CWaitAck();
 163   1          I2CSendByte(addr);
 164   1          I2CWaitAck();
 165   1      
 166   1          I2CStart();
 167   1          I2CSendByte(0xa1);
 168   1          I2CWaitAck();
 169   1          while(num--){
 170   2              *EEPROM_String++ = I2CReceiveByte();
 171   2              if(num) I2CSendAck(0);
 172   2              else I2CSendAck(1);
 173   2          }
 174   1          I2CStop();
 175   1      }


C51 COMPILER V9.54   IIC                                                                   03/19/2025 20:52:48 PAGE 4   

MODULE INFORMATION:   STATIC OVERLAYABLE
   CODE SIZE        =    360    ----
   CONSTANT SIZE    =   ----    ----
   XDATA SIZE       =   ----    ----
   PDATA SIZE       =   ----    ----
   DATA SIZE        =   ----      10
   IDATA SIZE       =   ----    ----
   BIT SIZE         =   ----    ----
END OF MODULE INFORMATION.


C51 COMPILATION COMPLETE.  0 WARNING(S),  0 ERROR(S)
