C51 COMPILER V9.54   LED                                                                   04/12/2025 20:57:05 PAGE 1   


C51 COMPILER V9.54, COMPILATION OF MODULE LED
OBJECT MODULE PLACED IN .\Objects\led.obj
COMPILER INVOKED BY: C:\Keil_v5\C51\BIN\C51.EXE led.c OPTIMIZE(8,SPEED) BROWSE DEBUG OBJECTEXTEND PRINT(.\Listings\led.l
                    -st) TABS(2) OBJECT(.\Objects\led.obj)

line level    source

   1          #include "led.h"
   2          
   3          idata unsigned char temp0=0x00;
   4          idata unsigned char temp0_old=0xff;
   5          
   6          void Led_Disp(unsigned char *ucLed){
   7   1          unsigned char temp;
   8   1          temp0 = 0x00;
   9   1          temp0 = ucLed[0] << 0 | ucLed[1] << 1 | ucLed[2] << 2 | ucLed[3] << 3 | ucLed[4] << 4 | ucLed[5] << 5 
             -| ucLed[6] << 6 | ucLed[7] << 7;
  10   1          if(temp0 != temp0_old){
  11   2              P0 = ~temp0;
  12   2      
  13   2              temp = P2 & 0x1f;
  14   2              temp = temp | 0x80;
  15   2              P2 = temp;
  16   2              temp = P2 & 0x1f;
  17   2              P2 = temp;
  18   2      
  19   2              temp0_old=temp0;
  20   2          }
  21   1      }
  22          
  23          void Led_Off(){
  24   1          unsigned char temp;
  25   1          P0 = 0xff;
  26   1      
  27   1          temp = P2 & 0x1f;
  28   1          temp = temp | 0x80;
  29   1          P2 = temp;
  30   1          temp = P2 & 0x1f;
  31   1          P2 = temp;
  32   1      
  33   1          temp0_old=0x00;
  34   1      }
  35          
  36          idata unsigned char temp1=0x00;
  37          idata unsigned char temp1_old=0xff;
  38          
  39          void Beep(bit enable){
  40   1          unsigned char temp;
  41   1          if(enable) temp1 &= 0x40;
  42   1          else temp1 |= ~(0x40);
  43   1      
  44   1          if(temp1 != temp1_old){
  45   2              P0 = temp1;
  46   2      
  47   2              temp = P2 & 0x1f;
  48   2              temp = temp | 0xa0;
  49   2              P2 = temp;
  50   2              temp = P2 & 0x1f;
  51   2              P2 = temp;
  52   2      
  53   2              temp1_old=temp1;
C51 COMPILER V9.54   LED                                                                   04/12/2025 20:57:05 PAGE 2   

  54   2          }
  55   1      }
  56          
  57          void Relay(bit enable){
  58   1          unsigned char temp;
  59   1          if(enable) temp1 &= 0x10;
  60   1          else temp1 |= ~(0x10);
  61   1      
  62   1          if(temp1 != temp1_old){
  63   2              P0 = temp1;
  64   2      
  65   2              temp = P2 & 0x1f;
  66   2              temp = temp | 0xa0;
  67   2              P2 = temp;
  68   2              temp = P2 & 0x1f;
  69   2              P2 = temp;
  70   2      
  71   2              temp1_old=temp1;
  72   2          }
  73   1      }
  74          
  75          void Motor(bit enable){
  76   1          unsigned char temp;
  77   1          if(enable) temp1 &= 0x20;
  78   1          else temp1 |= ~(0x20);
  79   1      
  80   1          if(temp1 != temp1_old){
  81   2              P0 = temp1;
  82   2      
  83   2              temp = P2 & 0x1f;
  84   2              temp = temp | 0xa0;
  85   2              P2 = temp;
  86   2              temp = P2 & 0x1f;
  87   2              P2 = temp;
  88   2      
  89   2              temp1_old=temp1;
  90   2          }
  91   1      }


MODULE INFORMATION:   STATIC OVERLAYABLE
   CODE SIZE        =    286    ----
   CONSTANT SIZE    =   ----    ----
   XDATA SIZE       =   ----    ----
   PDATA SIZE       =   ----    ----
   DATA SIZE        =   ----    ----
   IDATA SIZE       =      4    ----
   BIT SIZE         =   ----       3
END OF MODULE INFORMATION.


C51 COMPILATION COMPLETE.  0 WARNING(S),  0 ERROR(S)
