C51 COMPILER V9.54   ULTRAWAVE                                                             04/12/2025 20:57:05 PAGE 1   


C51 COMPILER V9.54, COMPILATION OF MODULE ULTRAWAVE
OBJECT MODULE PLACED IN .\Objects\ultrawave.obj
COMPILER INVOKED BY: C:\Keil_v5\C51\BIN\C51.EXE ultrawave.c OPTIMIZE(8,SPEED) BROWSE DEBUG OBJECTEXTEND PRINT(.\Listings
                    -\ultrawave.lst) TABS(2) OBJECT(.\Objects\ultrawave.obj)

line level    source

   1          #include "ultrawave.h"
   2          #include "intrins.h"
   3          
   4          sbit Tx = P1^0;
   5          sbit Rx = P1^1;
   6          
   7          void Delay12us()    //@12.000MHz
   8          {
   9   1        unsigned char i;
  10   1      
  11   1        _nop_();
  12   1        _nop_();
  13   1        i = 33;
  14   1        while (--i);
  15   1      }
  16          
  17          void Ut_Wave_Init(){
  18   1          unsigned char i;
  19   1          EA = 0;
  20   1          for(i=0;i<8;i++){
  21   2              Tx=1;
  22   2              Delay12us();
  23   2              Tx=0;
  24   2              Delay12us();
  25   2          }
  26   1          EA = 1;
  27   1      }
  28          
  29          unsigned char Ut_Wave_Data(){
  30   1          unsigned char time;
  31   1          CMOD = 0x00;
  32   1          CH=CL=0;
  33   1          Ut_Wave_Init();
  34   1          CR=1;
  35   1          while((Rx==1)&(CF==0));
  36   1          CR=0;
  37   1          if(CF==0){
  38   2              time = CH << 8 | CL;
  39   2              return time*0.017;
  40   2          }
  41   1          else {
  42   2              CF=0;
  43   2              return 0;
  44   2          }
  45   1      }


MODULE INFORMATION:   STATIC OVERLAYABLE
   CODE SIZE        =     94    ----
   CONSTANT SIZE    =   ----    ----
   XDATA SIZE       =   ----    ----
   PDATA SIZE       =   ----    ----
   DATA SIZE        =   ----    ----
   IDATA SIZE       =   ----    ----
C51 COMPILER V9.54   ULTRAWAVE                                                             04/12/2025 20:57:05 PAGE 2   

   BIT SIZE         =   ----    ----
END OF MODULE INFORMATION.


C51 COMPILATION COMPLETE.  0 WARNING(S),  0 ERROR(S)
