C51 COMPILER V9.54   LED                                                                   03/20/2025 20:22:37 PAGE 1   


C51 COMPILER V9.54, COMPILATION OF MODULE LED
OBJECT MODULE PLACED IN .\Objects\led.obj
COMPILER INVOKED BY: C:\Keil_v5\C51\BIN\C51.EXE led.c OPTIMIZE(8,SPEED) BROWSE DEBUG OBJECTEXTEND PRINT(.\Listings\led.l
                    -st) TABS(2) OBJECT(.\Objects\led.obj)

line level    source

   1          #include "led.h"
   2          
   3          void Led_Disp(unsigned char addr,enable){
   4   1        static unsigned char temp;
   5   1        static unsigned char temp_old;
   6   1        if(enable){
   7   2          temp |= 0x01 << addr; 
   8   2        }
   9   1        else{
  10   2          temp &= ~(0x01 << addr);
  11   2        }
  12   1        if(temp != temp_old){
  13   2          P0 = ~temp;
  14   2          P2 = P2 & 0x1f | 0x80;
  15   2          P2 &= 0x1f;
  16   2          temp_old = temp;
  17   2        }
  18   1      }


MODULE INFORMATION:   STATIC OVERLAYABLE
   CODE SIZE        =     59    ----
   CONSTANT SIZE    =   ----    ----
   XDATA SIZE       =   ----    ----
   PDATA SIZE       =   ----    ----
   DATA SIZE        =      2    ----
   IDATA SIZE       =   ----    ----
   BIT SIZE         =   ----    ----
END OF MODULE INFORMATION.


C51 COMPILATION COMPLETE.  0 WARNING(S),  0 ERROR(S)
