C51 COMPILER V9.54   SEG                                                                   03/19/2025 23:29:06 PAGE 1   


C51 COMPILER V9.54, COMPILATION OF MODULE SEG
OBJECT MODULE PLACED IN .\Objects\seg.obj
COMPILER INVOKED BY: C:\Keil_v5\C51\BIN\C51.EXE seg.c OPTIMIZE(8,SPEED) BROWSE DEBUG OBJECTEXTEND PRINT(.\Listings\seg.l
                    -st) TABS(2) OBJECT(.\Objects\seg.obj)

line level    source

   1          #include "seg.h"
   2          code unsigned char Seg_dula[] = {0xc0,0xf9,0xa4,0xb0,0x99,0x92,0x82,0xf8,0x80,0x90,0x88,0x83,0xc6,0xa1,0x8
             -6,0x8e,0x40,0xff,0x8c}; //数码管段码
   3          code unsigned char Seg_wela[] = {0x01,0x02,0x04,0x08,0x10,0x20,0x40,0x80};    //数码管位码
   4          void Seg_Disp(unsigned char wela,dula,point){
   5   1        P0 = 0xff;
   6   1        P2 = P2 & 0x1f | 0xe0;
   7   1        P2 &= 0x1f;
   8   1      
   9   1        P0 = Seg_wela[wela];
  10   1        P2 = P2 & 0x1f | 0xc0;
  11   1        P2 &= 0x1f;
  12   1      
  13   1        P0 = Seg_dula[dula];
  14   1          if(point) P0 &= 0x7f;
  15   1        P2 = P2 & 0x1f | 0xe0;
  16   1        P2 &= 0x1f;
  17   1      }


MODULE INFORMATION:   STATIC OVERLAYABLE
   CODE SIZE        =     65    ----
   CONSTANT SIZE    =     27    ----
   XDATA SIZE       =   ----    ----
   PDATA SIZE       =   ----    ----
   DATA SIZE        =   ----    ----
   IDATA SIZE       =   ----    ----
   BIT SIZE         =   ----    ----
END OF MODULE INFORMATION.


C51 COMPILATION COMPLETE.  0 WARNING(S),  0 ERROR(S)
